d:\projects\exe_analyzer\cppbased\hook\x64\debug\hook.pch
d:\projects\exe_analyzer\cppbased\hook\x64\debug\vc142.pdb
d:\projects\exe_analyzer\cppbased\hook\x64\debug\vc142.idb
d:\projects\exe_analyzer\cppbased\hook\x64\debug\pch.obj
d:\projects\exe_analyzer\cppbased\hook\x64\debug\dllmain.obj
d:\projects\exe_analyzer\cppbased\x64\debug\hook.lib
d:\projects\exe_analyzer\cppbased\x64\debug\hook.exp
d:\projects\exe_analyzer\cppbased\x64\debug\concrt140d.dll
d:\projects\exe_analyzer\cppbased\x64\debug\msvcp140d.dll
d:\projects\exe_analyzer\cppbased\x64\debug\msvcp140d_codecvt_ids.dll
d:\projects\exe_analyzer\cppbased\x64\debug\msvcp140_1d.dll
d:\projects\exe_analyzer\cppbased\x64\debug\msvcp140_2d.dll
d:\projects\exe_analyzer\cppbased\x64\debug\vccorlib140d.dll
d:\projects\exe_analyzer\cppbased\x64\debug\vcruntime140d.dll
d:\projects\exe_analyzer\cppbased\x64\debug\vcruntime140_1d.dll
d:\projects\exe_analyzer\cppbased\x64\debug\vcamp140d.dll
d:\projects\exe_analyzer\cppbased\x64\debug\vcomp140d.dll
d:\projects\exe_analyzer\cppbased\x64\debug\hook.ilk
d:\projects\exe_analyzer\cppbased\x64\debug\hook.dll
d:\projects\exe_analyzer\cppbased\x64\debug\hook.pdb
d:\projects\exe_analyzer\cppbased\hook\x64\debug\hook.tlog\cl.command.1.tlog
d:\projects\exe_analyzer\cppbased\hook\x64\debug\hook.tlog\cl.read.1.tlog
d:\projects\exe_analyzer\cppbased\hook\x64\debug\hook.tlog\cl.write.1.tlog
d:\projects\exe_analyzer\cppbased\hook\x64\debug\hook.tlog\hook.read.1u.tlog
d:\projects\exe_analyzer\cppbased\hook\x64\debug\hook.tlog\hook.write.1u.tlog
d:\projects\exe_analyzer\cppbased\hook\x64\debug\hook.tlog\link.command.1.tlog
d:\projects\exe_analyzer\cppbased\hook\x64\debug\hook.tlog\link.read.1.tlog
d:\projects\exe_analyzer\cppbased\hook\x64\debug\hook.tlog\link.write.1.tlog
